<?xml version="1.0" encoding="UTF-8"?>
<!-- Generated by org.testng.reporters.JUnitReportReporter -->
<testsuite hostname="LAPTOP-05KBKCBV" failures="0" tests="2" name="tests.MidtransPaymentFlowTest" time="35.878" errors="0" timestamp="2019-11-24T17:39:15 IST" skipped="0">
  <testcase classname="tests.MidtransPaymentFlowTest" name="failedPaymentFlow" time="11.902"/>
  <testcase classname="tests.MidtransPaymentFlowTest" name="successPaymentFlow" time="23.976"/>
</testsuite> <!-- tests.MidtransPaymentFlowTest -->
