<?xml version="1.0" encoding="UTF-8"?>
<!-- Generated by org.testng.reporters.JUnitReportReporter -->
<testsuite hostname="LAPTOP-05KBKCBV" failures="0" tests="2" name="Academy.MidtransPaymentFlowTest" time="31.232" errors="0" timestamp="2019-11-24T16:29:18 IST" skipped="0">
  <testcase classname="Academy.MidtransPaymentFlowTest" name="failedPaymentFlow" time="9.801"/>
  <testcase classname="Academy.MidtransPaymentFlowTest" name="successPaymentFlow" time="21.431"/>
</testsuite> <!-- Academy.MidtransPaymentFlowTest -->
