<?xml version="1.0" encoding="UTF-8"?>
<!-- Generated by org.testng.reporters.JUnitReportReporter -->
<testsuite hostname="DESKTOP-858G8MC" failures="0" tests="1" name="tests.JioMeetTest" time="100.813" errors="0" timestamp="2019-12-15T21:48:36 IST" skipped="0">
  <testcase classname="tests.JioMeetTest" name="Sanity" time="100.813"/>
</testsuite> <!-- tests.JioMeetTest -->
