<?xml version="1.0" encoding="UTF-8"?>
<!-- Generated by org.testng.reporters.JUnitReportReporter -->
<testsuite hostname="LAPTOP-05KBKCBV" failures="0" tests="2" name="Academy.HomePage" time="38.360" errors="0" timestamp="2019-11-24T14:30:40 IST" skipped="0">
  <testcase classname="Academy.HomePage" name="basePageNavigation2" time="10.771"/>
  <testcase classname="Academy.HomePage" name="basePageNavigation" time="27.589"/>
</testsuite> <!-- Academy.HomePage -->
