<?xml version="1.0" encoding="UTF-8"?>
<!-- Generated by org.testng.reporters.JUnitReportReporter -->
<testsuite hostname="DESKTOP-858G8MC" failures="0" tests="1" name="tests.MidtransPaymentFlowTest" time="93.101" errors="0" timestamp="2019-12-15T21:41:37 IST" skipped="0">
  <testcase classname="tests.MidtransPaymentFlowTest" name="Sanity" time="93.101"/>
</testsuite> <!-- tests.MidtransPaymentFlowTest -->
